ifort  -c -save -traceback  phantom.f
ifort  -c -save -traceback  phavegas.f
phavegas.f(329): remark #8291: Recommended relationship between field width 'W' and the number of fractional digits 'D' in this edit descriptor is 'W>=D+7'.
     *' all iterations:   integral =',g14.7,'+/- ',g9.3,' chi**2/it'
----------------------------------------------------^
ifort  -c -save -traceback  oneshot.f
ifort  -c -save -traceback  phread.f
ifort  -c -save -traceback  util.f
ifort  -c -save -traceback  phsp_7.f
ifort  -c -save -traceback  phsp_ini7.f
ifort  -c -save -traceback  phsp1_1_4_multi7_c.f
ifort  -c -save -traceback  phsp1_1_4_multi7_cjac.f
ifort  -c -save -traceback  phsp2_4_multi7.f
ifort  -c -save -traceback  phsp2_4_multi7jac.f
ifort  -c -save -traceback  phsp1_1_31_multi_c.f
ifort  -c -save -traceback  phsp1_1_31_multi_cjac.f
ifort  -c -save -traceback  phsp1_2_3_multi5_c.f
ifort  -c -save -traceback  phsp1_2_3_multi5_cjac.f
ifort  -c -save -traceback  phsp3_3_multi5.f
ifort  -c -save -traceback  phsp3_3_multi5jac.f
ifort  -c -save -traceback  phsp1_5to1_4to31_multi_c.f
ifort  -c -save -traceback  phsp1_5to1_4to31_multi_cjac.f
ifort  -c -save -traceback  phsp2_4to31_multi5.f
ifort  -c -save -traceback  phsp2_4to31_multi5jac.f
ifort  -c -save -traceback  coupling.f
ifort  -c -save -traceback  bernoul.f
ifort  -c -save -traceback  readinput.f
ifort  -c -save -traceback  procini.f
ifort  -c -save -traceback  procextraini.f
ifort  -c -save -traceback  proc.f
ifort  -c -save -traceback  integ.f
integ.f(486): remark #8291: Recommended relationship between field width 'W' and the number of fractional digits 'D' in this edit descriptor is 'W>=D+7'.
 208  FORMAT(' SIGMA = ',d13.7,' +/-',d10.3,' (pb)')
--------------------------^
integ.f(471): remark #8291: Recommended relationship between field width 'W' and the number of fractional digits 'D' in this edit descriptor is 'W>=D+7'.
 205        FORMAT(' Maximum after last VEGAS iteration = ',d9.3)
-------------------------------------------------------------^
integ.f(466): remark #8291: Recommended relationship between field width 'W' and the number of fractional digits 'D' in this edit descriptor is 'W>=D+7'.
 204       FORMAT(' Maximum after next-to-last VEGAS iteration = ',d9.3)
--------------------------------------------------------------------^
integ.f(459): remark #8291: Recommended relationship between field width 'W' and the number of fractional digits 'D' in this edit descriptor is 'W>=D+7'.
 203      FORMAT(' Sigma = ',d13.7,' +/-',d10.3,' (pb)')
------------------------------^
integ.f(308): remark #8291: Recommended relationship between field width 'W' and the number of fractional digits 'D' in this edit descriptor is 'W>=D+7'.
  201 FORMAT(' Sigma = ',d13.7,' +/-',d10.3,' (pb)')
--------------------------^
ifort  -c -save -traceback  fxn.f
ifort  -c -save -traceback  extrema.f
ifort  -c -save -traceback  cuts.f
ifort  -c -save -traceback  ccfcsym.f
ifort  -c -save -traceback  perm.f
ifort  -c -save -traceback  coleval.f
ifort  -c -save -traceback  colevalew.f
ifort  -c -save -traceback  isign.f
ifort  -c -save -traceback  LHAFileInit.f
ifort  -c -save -traceback  fourw.f
ifort  -c -save -traceback  twoztwow.f
ifort  -c -save -traceback  fourz.f
ifort  -c -save -traceback  fourwqcd.f
ifort  -c -save -traceback  twoztwowqcd.f
ifort  -c -save -traceback  amp8fqcd.f
ifort  -c -save -traceback  perm2g.f
ifort  -c -save -traceback  amp2g.f
ifort  -c -save -traceback  ampem.f
ifort  -c -save -traceback  ggzww.f
ifort  -c -save -traceback  isr.f
ifort  -c -save -traceback  pythia_interface.f
ifort  -c -save -traceback  pythia6225.f
pythia6225.f(299): remark #7784: Symbol in BLOCK DATA program unit is not in a COMMON block.   [PYK]
      INTEGER PYK,PYCHGE,PYCOMP
--------------^
pythia6225.f(299): remark #7784: Symbol in BLOCK DATA program unit is not in a COMMON block.   [PYCHGE]
      INTEGER PYK,PYCHGE,PYCOMP
------------------^
pythia6225.f(299): remark #7784: Symbol in BLOCK DATA program unit is not in a COMMON block.   [PYCOMP]
      INTEGER PYK,PYCHGE,PYCOMP
-------------------------^
pythia6225.f(3828): remark #8291: Recommended relationship between field width 'W' and the number of fractional digits 'D' in this edit descriptor is 'W>=D+7'.
     &     'I',2X,1P,D8.2,0P,1X,'I',2X,I2,1X,'I')
----------------------^
pythia6225.f(35304): remark #8291: Recommended relationship between field width 'W' and the number of fractional digits 'D' in this edit descriptor is 'W>=D+7'.
     &       1x,'*',2x,1P,2(1x,E8.2),2x,E8.2)
--------------------------------^
pythia6225.f(35304): remark #8291: Recommended relationship between field width 'W' and the number of fractional digits 'D' in this edit descriptor is 'W>=D+7'.
     &       1x,'*',2x,1P,2(1x,E8.2),2x,E8.2)
-----------------------------------------^
ifort  -c -save -traceback  circe.f
ifort  -c -save -traceback  storeLH.f
ifort  -c -save -traceback  fourz_massless.f
ifort  -c -save -traceback  twoztwow_massless.f
ifort  -c -save -traceback  fourzqcd_massless.f
ifort  -c -save -traceback  twoztwowqcd_massless.f
ifort  -c -save -traceback  gg3z_massless.f
ifort  -c -save -traceback  ggzww_massless.f
ifort  -c -save -traceback  unit_amp.f
ifort  -c -save -traceback  unit.f
ifort    fourzqcd.f
/afs/.cern.ch/sw/IntelSoftware/linux/x86_64/xe2016/compilers_and_libraries_2016.1.150/linux/compiler/lib/intel64_lin/for_main.o: In function `main':
for_main.c:(.text+0x2a): undefined reference to `MAIN__'
make: [fourzqcd.o] Error 1 (ignored)
ifort  -c -save -traceback  gg3z.f
ifort -o phantom.exe -L/afs/cern.ch/user/b/ballest/phantom/lhapdf-5.8.9_work/lib -lLHAPDF phantom.o phavegas.o oneshot.o phread.o util.o phsp_7.o  phsp_ini7.o phsp1_1_4_multi7_c.o  phsp1_1_4_multi7_cjac.o phsp2_4_multi7.o phsp2_4_multi7jac.o phsp1_1_31_multi_c.o phsp1_1_31_multi_cjac.o phsp1_2_3_multi5_c.o phsp1_2_3_multi5_cjac.o phsp3_3_multi5.o phsp3_3_multi5jac.o phsp1_5to1_4to31_multi_c.o phsp1_5to1_4to31_multi_cjac.o phsp2_4to31_multi5.o phsp2_4to31_multi5jac.o coupling.o bernoul.o readinput.o procini.o procextraini.o proc.o integ.o fxn.o extrema.o cuts.o ccfcsym.o perm.o coleval.o colevalew.o isign.o LHAFileInit.o fourw.o twoztwow.o fourz.o fourwqcd.o twoztwowqcd.o amp8fqcd.o perm2g.o amp2g.o ampem.o ggzww.o isr.o pythia_interface.o pythia6225.o circe.o storeLH.o fourz_massless.o twoztwow_massless.o fourzqcd_massless.o twoztwowqcd_massless.o gg3z_massless.o ggzww_massless.o unit_amp.o unit.o fourzqcd.o gg3z.o  -L/afs/cern.ch/user/b/ballest/phantom/lhapdf-5.8.9_work/lib -lLHAPDF
ifort: error #10236: File not found:  'fourzqcd.o'
make: [phantom.exe] Error 1 (ignored)
chmod +x phantom.exe
chmod: cannot access `phantom.exe': No such file or directory
make: [phantom] Error 1 (ignored)
